Soloist
player_1:-6.5:0.6,player_2:-6.5:-0.6,player_3:-6:3,player_4:-5:2,player_5:-2:-1
Sepahan
player_1:6.5:0,player_2:2:-1,player_3:5:2,player_4:5:-2,player_5:2:1
______________________________________________________________________________
1
2,15,100
-6.500004:0.6000001,-6.500004:-0.6,4.920479:2.279221,-5:2,-2.000001:-1
6.500004:-1.192093E-07,2.000001:-1,6.498387:2.09501,5.149414:-2.142753,4.275251:-1.643407
0:0
0-0
______________________________________________________________________________
2
0,180,100
-6.500004:0.5999848,-6.500004:-0.6000153,4.920479:2.279206,-5:1.999985,-2.000001:-1.000015
-0.3018346:0.02172285,2.000001:-1.000015,6.498388:2.094995,5.14943:-2.142768,4.275251:-1.643422
-4.072311:-0.03630013
0-0
______________________________________________________________________________
3
2,15,100
-6.500004:0.6000001,-6.500004:-0.6,5.121017:-1.726713,-5:2,-2.000001:-1
-0.3018346:0.02173811,1.181908:-1.578749,2.221935:-0.5518436,4.721027:-3.489097,4.105412:-1.737236
-4.072311:-0.03630013
0-0
______________________________________________________________________________
4
0,180.8819,100
-5.565831:1.228106,-6.273581:0.1046609,5.121017:-1.726713,-5:2,-2.000001:-1
-5.014733:0.002046824,1.181908:-1.578749,2.221935:-0.5518436,4.721033:-3.489097,4.105412:-1.737236
-5.768301:-0.3875876
0-0
______________________________________________________________________________
5
2,15,100
-5.565831:1.228106,-6.273581:0.1046605,-2.912714:-3.014852,-5:2,-2.000001:-1
-5.014733:0.002020419,1.181908:-1.578749,2.221935:-0.5518436,4.721033:-3.489097,4.105412:-1.737236
-5.768301:-0.3875876
0-0
______________________________________________________________________________
6
0,207.3398,100
-5.565831:1.228106,-7.593154:0.6699095,-2.912716:-3.014853,-5:2,-0.9180647:0.1083828
-7.337749:-0.6666386,1.181908:-1.578749,2.221935:-0.5518436,4.721033:-3.489097,4.105412:-1.737236
-2.831992:-1.925975
0-0
______________________________________________________________________________
7
2,15,100
-5.565831:1.228106,-7.593154:0.6699095,4.007816:-2.131997,-5:2,-0.9180691:0.1083826
-7.337749:-0.6666903,4.693234:-1.06714,5.155202:2.385122,4.721033:-3.489097,5.927768:-1.998129
-2.83206:-1.926055
0-0
______________________________________________________________________________
8
0,344.384,100
-5.565831:1.228106,-7.593154:0.6699095,4.007816:-2.131997,-5:2,-0.9180691:0.1083826
-2.041077:-2.105669,4.693234:-1.06714,5.155214:2.385124,4.721033:-3.489097,5.927768:-1.998157
3.175182:-3.674388
0-0
______________________________________________________________________________
9
2,15,100
-5.565831:1.228106,-7.593154:0.6699095,0.177382:-0.6075019,-5:2,-0.9180691:0.1083826
-2.041077:-2.105669,5.517163:1.570813,5.154337:2.394119,4.721033:-3.489097,6.109357:-1.328006
3.175285:-3.674418
0-0
______________________________________________________________________________
10
0,343.2621,100
-5.565831:1.228091,-7.593154:0.6698943,0.1773821:-0.6075211,-5:1.999985,-0.9180691:0.1083674
2.711922:-3.208723,5.517163:1.570797,5.154337:2.394104,5.285713:-3.046486,6.109357:-1.328021
4.660807:-2.661931
0-0
______________________________________________________________________________
11
