Name of Your Team
Mehran:-6.5:1.2,Mamad:-6:0,Alireza.Koochooloo:-6.5:-1.2,The Alireza:-1:0,Nokhodi:-2:0
Perspolis
ali-biro:5.8:0,sed jalal:6.5:-1.1,shoja:6.5:1.1,kamal:1:-1,alipour:3:0
______________________________________________________________________________
1
team1:
3,0,100
-6.500002:1.2,-6.000003:-1.192093E-07,-6.500002:-1.200001,0.1862436:0.2010392,-2.013897:-1.192093E-07
6.426644:0.003269434,6.500002:-1.1,6.500002:1.1,1.115727:-1.183822,3.123539:0.01467127
1.655681:-0.3163617
0-0
______________________________________________________________________________
2
team2:
4,192,100
-6.500002:1.2,-5.996369:0.03215873,-6.000001:-3.400001,-2.517048:1.68501,-2.774193:0.1820249
6.426644:0.003269434,6.500002:-1.1,6.500002:1.1,1.491642:-3.163119,-1.295913:-0.7893077
-6.260792:-0.8483384
0-0
______________________________________________________________________________
3
team1:
1,199,8
-6.500002:1.2,-6.703382:-0.1879969,-6.000002:-3.400001,-2.517048:1.68501,-2.774193:0.1820249
6.426644:0.003269434,6.500002:-1.1,6.500002:1.1,1.491642:-3.163119,-1.295913:-0.7893077
-6.309889:-1.074085
0-0
______________________________________________________________________________
4
team2:
4,183,100
-6.5:1.2,-6.000001:-5.960464E-08,-6.5:-1.2,-1:-5.960464E-08,-2:-5.960464E-08
5.800001:-5.960464E-08,6.5:-1.1,6.5:1.1,1:-1,3.000001:-5.960464E-08
0:0
0-1
______________________________________________________________________________
5
team1:
3,0,100
-6.5:1.2,-6.000002:-1.192093E-07,-6.500002:-1.2,0.1862436:0.2010392,-2.013897:-1.192093E-07
6.426644:0.003269434,6.500002:-1.1,6.500002:1.1,1.115744:-1.183849,3.123558:0.01467115
1.655681:-0.3163617
0-1
______________________________________________________________________________
6
team2:
4,192,100
-6.5:1.2,-5.996369:0.03215873,-6.000001:3.1,-2.517048:1.68501,-2.774193:0.1820249
6.426644:0.003269434,6.500002:-1.1,6.500002:1.1,1.491642:-3.163119,-1.295913:-0.7893077
-6.260792:-0.8483384
0-1
______________________________________________________________________________
7
team1:
1,199,8
-6.5:1.2,-6.703382:-0.1879969,-6.000002:3.1,-2.517048:1.68501,-2.774193:0.1820249
6.426644:0.003269434,6.500002:-1.1,6.500002:1.1,1.491642:-3.163119,-1.295913:-0.7893077
-6.309888:-1.074077
0-1
______________________________________________________________________________
8
team2:
4,183,100
-6.5:1.2,-6.000001:-5.960464E-08,-6.5:-1.2,-1:-5.960464E-08,-2:-5.960464E-08
5.800001:-5.960464E-08,6.5:-1.1,6.5:1.1,1:-1,3.000001:-5.960464E-08
0:0
0-2
______________________________________________________________________________
9
team1:
3,0,100
-6.5:1.2,-6.000002:-1.192093E-07,-6.500002:-1.2,0.1862436:0.2010392,-2.013897:-1.192093E-07
6.426644:0.003269434,6.500002:-1.1,6.500002:1.1,1.115744:-1.183849,3.123582:0.01467103
1.655681:-0.3163617
0-2
______________________________________________________________________________
10
team2:
4,192,100
-6.5:1.2,-5.996369:0.03215873,-6.000001:3.4,-2.517048:1.68501,-2.774193:0.1820249
6.426644:0.003269434,6.500002:-1.1,6.500002:1.1,1.491642:-3.163119,-1.295913:-0.7893077
-6.260792:-0.8483384
0-2
______________________________________________________________________________
11
team1:
1,199,8
-6.5:1.2,-6.703382:-0.1879969,-6.000002:3.4,-2.517048:1.68501,-2.774193:0.1820249
6.426644:0.003269434,6.500002:-1.1,6.500002:1.1,1.491642:-3.163119,-1.295913:-0.7893077
-6.309889:-1.074085
0-2
______________________________________________________________________________
12
team2:
4,183,100
-6.5:1.2,-6.000001:-5.960464E-08,-6.5:-1.2,-1:-5.960464E-08,-2:-5.960464E-08
5.800001:-5.960464E-08,6.5:-1.1,6.5:1.1,1:-1,3.000001:-5.960464E-08
0:0
0-3
______________________________________________________________________________
13
team1:
3,0,100
-6.5:1.2,-6.000002:-1.192093E-07,-6.500002:-1.2,0.1862436:0.2010392,-2.013897:-1.192093E-07
6.426644:0.003269434,6.500002:-1.1,6.500002:1.1,1.115744:-1.183849,3.123559:0.01467115
1.655681:-0.3163617
0-3
______________________________________________________________________________
14
team2:
4,192,100
-6.5:1.2,-5.996369:0.03215873,-6.000001:2.6,-2.517048:1.68501,-2.774193:0.1820249
6.426644:0.003269434,6.500002:-1.1,6.500002:1.1,1.491642:-3.163119,-1.295913:-0.7893077
-6.260792:-0.8483384
0-3
______________________________________________________________________________
15
team1:
1,199,8
-6.5:1.2,-6.703382:-0.1879969,-6.000002:2.6,-2.517048:1.68501,-2.774193:0.1820249
6.426644:0.003269434,6.500002:-1.1,6.500002:1.1,1.491642:-3.163119,-1.295913:-0.7893077
-6.309889:-1.074085
0-3
______________________________________________________________________________
16
team2:
4,183,100
-6.5:1.2,-6.000001:-5.960464E-08,-6.5:-1.2,-1:-5.960464E-08,-2:-5.960464E-08
5.800001:-5.960464E-08,6.5:-1.1,6.5:1.1,1:-1,3.000001:-5.960464E-08
0:0
0-4
______________________________________________________________________________
17
team1:
3,0,100
-6.5:1.2,-6.000001:-1.192093E-07,-6.5:-1.2,0.1862436:0.2010392,-2.013897:-1.192093E-07
6.426644:0.003269434,6.500002:-1.1,6.500002:1.1,1.115744:-1.183849,3.123591:0.01467097
1.655681:-0.3163617
0-4
______________________________________________________________________________
18
team2:
4,192,100
-6.5:1.2,-5.996369:0.03215873,-6.000001:-2.900001,-2.517048:1.68501,-2.774193:0.1820249
6.426644:0.003269434,6.500002:-1.1,6.500002:1.1,1.491642:-3.163119,-1.295913:-0.7893077
-6.260792:-0.8483384
0-4
______________________________________________________________________________
19
team1:
1,199,8
-6.5:1.2,-6.703382:-0.1879969,-6.000002:-2.900001,-2.517048:1.68501,-2.774193:0.1820249
6.426644:0.003269434,6.500002:-1.1,6.500002:1.1,1.491642:-3.163119,-1.295913:-0.7893077
-6.309889:-1.074085
0-4
______________________________________________________________________________
20
team2:
4,183,100
-6.5:1.2,-6.000001:-5.960464E-08,-6.5:-1.2,-1:-5.960464E-08,-2:-5.960464E-08
5.800001:-5.960464E-08,6.5:-1.1,6.5:1.1,1:-1,3.000001:-5.960464E-08
0:0
0-5
______________________________________________________________________________
21
team1:
3,0,100
-6.5:1.2,-6.000001:-1.192093E-07,-6.500002:-1.2,0.1862436:0.2010392,-2.013897:-1.192093E-07
6.426644:0.003269434,6.500002:-1.1,6.500002:1.1,1.115744:-1.183849,3.123539:0.01467127
1.655681:-0.3163617
0-5
______________________________________________________________________________
22
team2:
4,192,100
-6.5:1.2,-5.996369:0.03215873,-6.000001:-2.400001,-2.517042:1.685007,-2.774193:0.1820249
6.426644:0.003269434,6.500002:-1.1,6.500002:1.1,1.491642:-3.163119,-1.295913:-0.7893077
-6.260792:-0.8483384
0-5
______________________________________________________________________________
23
team1:
1,199,8
-6.5:1.2,-6.703382:-0.1879969,-6.000002:-2.400001,-2.517042:1.685007,-2.774193:0.1820249
6.426644:0.003269434,6.500002:-1.1,6.500002:1.1,1.491642:-3.163119,-1.295913:-0.7893077
-6.309889:-1.074085
0-5
______________________________________________________________________________
24
team2:
4,183,100
-6.5:1.2,-6.000001:-5.960464E-08,-6.5:-1.2,-1:-5.960464E-08,-2:-5.960464E-08
5.800001:-5.960464E-08,6.5:-1.1,6.5:1.1,1:-1,3.000001:-5.960464E-08
0:0
0-6
______________________________________________________________________________
25
team1:
3,0,100
-6.5:1.2,-6.000003:-1.192093E-07,-6.500002:-1.2,0.1862436:0.2010392,-2.013897:-1.192093E-07
6.426565:0.003268898,6.500002:-1.1,6.500002:1.1,1.115725:-1.183819,3.123539:0.01467127
1.655681:-0.3163617
0-6
______________________________________________________________________________
26
team2:
4,192,100
-6.5:1.2,-5.996369:0.03215873,-6.000001:-1.9,-2.517048:1.68501,-2.774193:0.1820249
6.426565:0.003268898,6.500002:-1.1,6.500002:1.1,1.491642:-3.163119,-1.295913:-0.7893077
-6.260792:-0.8483384
0-6
______________________________________________________________________________
27
team1:
1,199,8
-6.5:1.2,-6.703382:-0.1879969,-6.000002:-1.900001,-2.517048:1.68501,-2.774193:0.1820249
6.426565:0.003268898,6.500002:-1.1,6.500002:1.1,1.491642:-3.163119,-1.295913:-0.7893077
-6.309889:-1.074085
0-6
______________________________________________________________________________
28
team2:
4,183,100
-6.5:1.2,-6.000001:-5.960464E-08,-6.5:-1.2,-1:-5.960464E-08,-2:-5.960464E-08
5.800001:-5.960464E-08,6.5:-1.1,6.5:1.1,1:-1,3.000001:-5.960464E-08
0:0
0-7
______________________________________________________________________________
29
team1:
3,0,100
-6.500002:1.2,-6.000002:-1.192093E-07,-6.500002:-1.2,0.1862436:0.2010392,-2.013897:-1.192093E-07
6.426644:0.003269434,6.500002:-1.1,6.500002:1.1,1.115725:-1.183818,3.123539:0.01467127
1.655681:-0.3163617
0-7
______________________________________________________________________________
30
team2:
4,192,100
-6.500002:1.2,-5.996369:0.03215873,-6.000001:-2.900001,-2.517026:1.684998,-2.774193:0.1820249
6.426644:0.003269434,6.500002:-1.1,6.500002:1.1,1.491642:-3.163119,-1.295913:-0.7893077
-6.260785:-0.84832
0-7
______________________________________________________________________________
31
team1:
1,199,8
-6.500002:1.2,-6.703382:-0.1879969,-6.000002:-2.900001,-2.517026:1.684998,-2.774193:0.1820249
6.426644:0.003269434,6.500002:-1.1,6.500002:1.1,1.491642:-3.163119,-1.295913:-0.7893077
-6.309889:-1.074085
0-7
______________________________________________________________________________
32
team2:
4,183,100
-6.5:1.2,-6.000001:-5.960464E-08,-6.5:-1.2,-1:-5.960464E-08,-2:-5.960464E-08
5.800001:-5.960464E-08,6.5:-1.1,6.5:1.1,1:-1,3.000001:-5.960464E-08
0:0
0-8
______________________________________________________________________________
33
team1:
3,0,100
-6.5:1.2,-6.000002:-1.192093E-07,-6.500002:-1.2,0.1862436:0.2010392,-2.013897:-1.192093E-07
6.426644:0.003269434,6.500002:-1.1,6.500002:1.1,1.115725:-1.183818,3.123539:0.01467127
1.655681:-0.3163617
0-8
______________________________________________________________________________
34
team2:
4,192,100
-6.5:1.2,-5.996369:0.03215873,-6.000001:-1.9,-2.517048:1.68501,-2.774193:0.1820249
6.426644:0.003269434,6.500002:-1.1,6.500002:1.1,1.491642:-3.163119,-1.295913:-0.7893077
-6.260792:-0.8483384
0-8
______________________________________________________________________________
35
team1:
1,199,8
-6.5:1.2,-6.703382:-0.1879969,-6.000002:-1.900001,-2.517048:1.68501,-2.774193:0.1820249
6.426644:0.003269434,6.500002:-1.1,6.500002:1.1,1.491642:-3.163119,-1.295913:-0.7893077
-6.309889:-1.074085
0-8
______________________________________________________________________________
36
team2:
4,183,100
-6.5:1.2,-6.000001:-5.960464E-08,-6.5:-1.2,-1:-5.960464E-08,-2:-5.960464E-08
5.800001:-5.960464E-08,6.5:-1.1,6.5:1.1,1:-1,3.000001:-5.960464E-08
0:0
0-9
______________________________________________________________________________
37
team1:
3,0,100
-6.5:1.2,-6.000002:-1.192093E-07,-6.5:-1.2,0.1862436:0.2010392,-2.013897:-1.192093E-07
6.426577:0.003269017,6.500002:-1.1,6.500002:1.1,1.115742:-1.183846,3.123539:0.01467127
1.655681:-0.3163617
0-9
______________________________________________________________________________
38
team2:
4,192,100
-6.5:1.2,-5.996369:0.03215873,-6.000001:-1.9,-2.517048:1.68501,-2.774193:0.1820249
6.426577:0.003269017,6.500002:-1.1,6.500002:1.1,1.491642:-3.163119,-1.295913:-0.7893077
-6.260792:-0.8483384
0-9
______________________________________________________________________________
39
team1:
1,199,8
-6.5:1.2,-6.703382:-0.1879969,-6.000002:-1.900001,-2.517048:1.68501,-2.774193:0.1820249
6.426577:0.003269017,6.500002:-1.1,6.500002:1.1,1.491642:-3.163119,-1.295913:-0.7893077
-6.309889:-1.074085
0-9
______________________________________________________________________________
40
team2:
4,183,100
-6.5:1.2,-6.000001:-5.960464E-08,-6.5:-1.2,-1:-5.960464E-08,-2:-5.960464E-08
5.800001:-5.960464E-08,6.5:-1.1,6.5:1.1,1:-1,3.000001:-5.960464E-08
0:0
0-10
______________________________________________________________________________
41
team1:
3,0,100
-6.500002:1.2,-6.000003:-1.192093E-07,-6.500002:-1.2,0.1862436:0.2010392,-2.013897:-1.192093E-07
6.426589:0.003269076,6.500002:-1.1,6.500002:1.1,1.115728:-1.183823,3.123539:0.01467127
1.655681:-0.3163617
0-10
______________________________________________________________________________
42
team2:
4,192,100
-6.500002:1.2,-5.996369:0.03215873,-6.000001:-2.900001,-2.517048:1.68501,-2.774193:0.1820249
6.426589:0.003269076,6.500002:-1.1,6.500002:1.1,1.491642:-3.163119,-1.295913:-0.7893077
-6.260792:-0.8483384
0-10
______________________________________________________________________________
43
team1:
1,199,8
-6.500002:1.2,-6.703382:-0.1879969,-6.000002:-2.900001,-2.517048:1.68501,-2.774193:0.1820249
6.426589:0.003269076,6.500002:-1.1,6.500002:1.1,1.491642:-3.163119,-1.295913:-0.7893077
-6.309889:-1.074085
0-10
______________________________________________________________________________
44
team2:
4,183,100
-6.5:1.2,-6.000001:-5.960464E-08,-6.5:-1.2,-1:-5.960464E-08,-2:-5.960464E-08
5.800001:-5.960464E-08,6.5:-1.1,6.5:1.1,1:-1,3.000001:-5.960464E-08
0:0
0-11
______________________________________________________________________________
45
team1:
3,0,100
-6.5:1.2,-6.000003:-1.192093E-07,-6.500002:-1.200001,0.1862436:0.2010392,-2.013897:-1.192093E-07
6.426616:0.003269255,6.500002:-1.1,6.500002:1.1,1.115744:-1.183849,3.123539:0.01467127
1.655681:-0.3163617
0-11
______________________________________________________________________________
46
team2:
4,192,100
-6.5:1.2,-5.996369:0.03215873,-6.000001:-1.9,-2.517027:1.684999,-2.774193:0.1820249
6.426616:0.003269255,6.500002:-1.1,6.500002:1.1,1.491642:-3.163119,-1.295913:-0.7893077
-6.260775:-0.8482927
0-11
______________________________________________________________________________
47
team1:
1,199,8
-6.5:1.2,-6.703382:-0.1879969,-6.000002:-1.900001,-2.517027:1.684999,-2.774193:0.1820249
6.426616:0.003269255,6.500002:-1.1,6.500002:1.1,1.491642:-3.163119,-1.295913:-0.7893077
-6.309889:-1.074085
0-11
______________________________________________________________________________
48
team2:
4,183,100
-6.5:1.2,-6.000001:-5.960464E-08,-6.5:-1.2,-1:-5.960464E-08,-2:-5.960464E-08
5.800001:-5.960464E-08,6.5:-1.1,6.5:1.1,1:-1,3.000001:-5.960464E-08
0:0
0-12
______________________________________________________________________________
49
team1:
3,0,100
-6.500002:1.2,-6.000002:-1.192093E-07,-6.500002:-1.2,0.1862436:0.2010392,-2.013897:-1.192093E-07
6.426644:0.003269434,6.500002:-1.1,6.500002:1.1,1.115744:-1.183849,3.123539:0.01467127
1.655681:-0.3163617
0-12
______________________________________________________________________________
50
team2:
4,192,100
-6.500002:1.2,-5.996369:0.03215873,-6.000001:-1.9,-2.517048:1.68501,-2.774193:0.1820249
6.426644:0.003269434,6.500002:-1.1,6.500002:1.1,1.491642:-3.163119,-1.295913:-0.7893077
-6.260792:-0.8483384
0-12
______________________________________________________________________________
51
team1:
1,199,8
-6.500002:1.2,-6.703382:-0.1879969,-6.000002:-1.900001,-2.517048:1.68501,-2.774193:0.1820249
6.426644:0.003269434,6.500002:-1.1,6.500002:1.1,1.491642:-3.163119,-1.295913:-0.7893077
-6.309889:-1.074085
0-12
______________________________________________________________________________
52
team2:
4,183,100
-6.5:1.2,-6.000001:-5.960464E-08,-6.5:-1.2,-1:-5.960464E-08,-2:-5.960464E-08
5.800001:-5.960464E-08,6.5:-1.1,6.5:1.1,1:-1,3.000001:-5.960464E-08
0:0
0-13
______________________________________________________________________________
53
team1:
3,0,100
-6.500002:1.2,-6.000002:-1.192093E-07,-6.500002:-1.2,0.1862436:0.2010392,-2.013897:-1.192093E-07
6.426567:0.003268898,6.500002:-1.1,6.500002:1.1,1.115723:-1.183816,3.123539:0.01467127
1.655681:-0.3163617
0-13
______________________________________________________________________________
54
team2:
4,192,100
-6.500002:1.2,-5.996369:0.03215873,-6.000001:2.1,-2.517031:1.685001,-2.774193:0.1820249
6.426567:0.003268898,6.500002:-1.1,6.500002:1.1,1.491642:-3.163119,-1.295913:-0.7893077
-6.260788:-0.8483299
0-13
______________________________________________________________________________
55
team1:
1,199,8
-6.500002:1.2,-6.703382:-0.1879969,-6.000002:2.1,-2.517031:1.685001,-2.774193:0.1820249
6.426567:0.003268898,6.500002:-1.1,6.500002:1.1,1.491642:-3.163119,-1.295913:-0.7893077
-6.309889:-1.074085
0-13
______________________________________________________________________________
56
team2:
4,183,100
-6.5:1.2,-6.000001:-5.960464E-08,-6.5:-1.2,-1:-5.960464E-08,-2:-5.960464E-08
5.800001:-5.960464E-08,6.5:-1.1,6.5:1.1,1:-1,3.000001:-5.960464E-08
0:0
0-14
______________________________________________________________________________
57
team1:
3,0,100
-6.500002:1.2,-6.000002:-1.192093E-07,-6.500002:-1.2,0.1862436:0.2010392,-2.013897:-1.192093E-07
6.426644:0.003269434,6.500002:-1.1,6.500002:1.1,1.115722:-1.183814,3.123539:0.01467127
1.655681:-0.3163617
0-14
______________________________________________________________________________
58
team2:
4,192,100
-6.500002:1.2,-5.996369:0.03215873,-6.000001:3.1,-2.51703:1.685,-2.774193:0.1820249
6.426644:0.003269434,6.500002:-1.1,6.500002:1.1,1.491642:-3.163119,-1.295913:-0.7893077
-6.260788:-0.8483282
0-14
______________________________________________________________________________
59
team1:
1,199,8
-6.500002:1.2,-6.703382:-0.1879969,-6.000002:3.1,-2.51703:1.685,-2.774193:0.1820249
6.426644:0.003269434,6.500002:-1.1,6.500002:1.1,1.491642:-3.163119,-1.295913:-0.7893077
-6.309889:-1.074085
0-14
______________________________________________________________________________
60
team2:
4,183,100
-6.5:1.2,-6.000001:-5.960464E-08,-6.5:-1.2,-1:-5.960464E-08,-2:-5.960464E-08
5.800001:-5.960464E-08,6.5:-1.1,6.5:1.1,1:-1,3.000001:-5.960464E-08
0:0
0-15
______________________________________________________________________________
61
team1:
3,0,100
-6.5:1.2,-6.000002:-1.192093E-07,-6.500002:-1.2,0.1862436:0.2010392,-2.013897:-1.192093E-07
6.426644:0.003269434,6.500002:-1.1,6.500002:1.1,1.115728:-1.183823,3.123539:0.01467127
1.655681:-0.3163617
0-15
______________________________________________________________________________
62
team2:
4,192,100
-6.5:1.2,-5.996369:0.03215873,-6.000001:-2.900001,-2.517016:1.684993,-2.774193:0.1820249
6.426644:0.003269434,6.500002:-1.1,6.500002:1.1,1.491642:-3.163119,-1.295913:-0.7893077
-6.26078:-0.8483075
0-15
______________________________________________________________________________
63
team1:
1,199,8
-6.5:1.2,-6.703382:-0.1879969,-6.000002:-2.900001,-2.517016:1.684993,-2.774193:0.1820249
6.426644:0.003269434,6.500002:-1.1,6.500002:1.1,1.491642:-3.163119,-1.295913:-0.7893077
-6.309889:-1.074085
0-15
______________________________________________________________________________
64
team2:
4,183,100
-6.5:1.2,-6.000001:-5.960464E-08,-6.5:-1.2,-1:-5.960464E-08,-2:-5.960464E-08
5.800001:-5.960464E-08,6.5:-1.1,6.5:1.1,1:-1,3.000001:-5.960464E-08
0:0
0-16
______________________________________________________________________________
65
team1:
3,0,100
-6.5:1.2,-6.000002:-1.192093E-07,-6.500002:-1.2,0.1862436:0.2010392,-2.013897:-1.192093E-07
6.426644:0.003269434,6.500002:-1.1,6.500002:1.1,1.115744:-1.183849,3.123539:0.01467127
1.655681:-0.3163617
0-16
______________________________________________________________________________
66
team2:
4,192,100
-6.5:1.2,-5.996369:0.03215873,-6.000001:2.1,-2.517029:1.685,-2.774193:0.1820249
6.426644:0.003269434,6.500002:-1.1,6.500002:1.1,1.491642:-3.163119,-1.295913:-0.7893077
-6.260777:-0.8483009
0-16
______________________________________________________________________________
67
team1:
1,199,8
-6.500002:1.2,-6.703382:-0.1879969,-6.000002:2.1,-2.517029:1.685,-2.774193:0.1820249
6.426644:0.003269434,6.500002:-1.1,6.500002:1.1,1.491642:-3.163119,-1.295913:-0.7893077
-6.309889:-1.074085
0-16
______________________________________________________________________________
68
team2:
4,183,100
-6.5:1.2,-6.000001:-5.960464E-08,-6.5:-1.2,-1:-5.960464E-08,-2:-5.960464E-08
5.800001:-5.960464E-08,6.5:-1.1,6.5:1.1,1:-1,3.000001:-5.960464E-08
0:0
0-17
______________________________________________________________________________
69
team1:
3,0,100
-6.500002:1.2,-6.000002:-1.192093E-07,-6.500002:-1.2,0.1862436:0.2010392,-2.013897:-1.192093E-07
6.426644:0.003269434,6.500002:-1.1,6.500002:1.1,1.115722:-1.183813,3.123539:0.01467127
1.655681:-0.3163617
0-17
______________________________________________________________________________
70
team2:
4,192,100
-6.500002:1.2,-5.996369:0.03215873,-6.000001:-1.9,-2.517007:1.684988,-2.774193:0.1820249
6.426644:0.003269434,6.500002:-1.1,6.500002:1.1,1.491642:-3.163119,-1.295913:-0.7893077
-6.260776:-0.8482945
0-17
______________________________________________________________________________
71
team1:
1,199,8
-6.500002:1.2,-6.703382:-0.1879969,-6.000002:-1.900001,-2.517007:1.684988,-2.774193:0.1820249
6.426644:0.003269434,6.500002:-1.1,6.500002:1.1,1.491642:-3.163119,-1.295913:-0.7893077
-6.309889:-1.074085
0-17
______________________________________________________________________________
72
team2:
4,183,100
-6.5:1.2,-6.000001:-5.960464E-08,-6.5:-1.2,-1:-5.960464E-08,-2:-5.960464E-08
5.800001:-5.960464E-08,6.5:-1.1,6.5:1.1,1:-1,3.000001:-5.960464E-08
0:0
0-18
______________________________________________________________________________
73
team1:
3,0,100
-6.500002:1.2,-6.000002:-1.192093E-07,-6.500002:-1.2,0.1862436:0.2010392,-2.013897:-1.192093E-07
6.426644:0.003269434,6.500002:-1.1,6.500002:1.1,1.115729:-1.183824,3.123539:0.01467127
1.655681:-0.3163617
0-18
______________________________________________________________________________
74
team2:
4,192,100
-6.500002:1.2,-5.996369:0.03215873,-6.000001:-2.900001,-2.517048:1.68501,-2.774193:0.1820249
6.426644:0.003269434,6.500002:-1.1,6.500002:1.1,1.491642:-3.163119,-1.295913:-0.7893077
-6.260792:-0.8483384
0-18
______________________________________________________________________________
75
team1:
1,199,8
-6.500002:1.2,-6.703382:-0.1879969,-6.000002:-2.900001,-2.517048:1.68501,-2.774193:0.1820249
6.426644:0.003269434,6.500002:-1.1,6.500002:1.1,1.491642:-3.163119,-1.295913:-0.7893077
-6.309883:-1.074055
0-18
______________________________________________________________________________
76
team2:
4,183,100
-6.5:1.2,-6.000001:-5.960464E-08,-6.5:-1.2,-1:-5.960464E-08,-2:-5.960464E-08
5.800001:-5.960464E-08,6.5:-1.1,6.5:1.1,1:-1,3.000001:-5.960464E-08
0:0
0-19
______________________________________________________________________________
77
team1:
3,0,100
-6.5:1.2,-6.000002:-1.192093E-07,-6.500002:-1.2,0.1862436:0.2010392,-2.013897:-1.192093E-07
6.426644:0.003269434,6.500002:-1.1,6.500002:1.1,1.115744:-1.183849,3.123555:0.01467121
1.655681:-0.3163617
0-19
______________________________________________________________________________
78
team2:
4,192,100
-6.5:1.2,-5.996369:0.03215873,-6.000001:-2.900001,-2.517048:1.68501,-2.774193:0.1820249
6.426644:0.003269434,6.500002:-1.1,6.500002:1.1,1.491642:-3.163119,-1.295913:-0.7893077
-6.260792:-0.8483384
0-19
______________________________________________________________________________
79
team1:
1,199,8
-6.5:1.2,-6.703382:-0.1879969,-6.000002:-2.900001,-2.517048:1.68501,-2.774193:0.1820249
6.426644:0.003269434,6.500002:-1.1,6.500002:1.1,1.491642:-3.163119,-1.295913:-0.7893077
-6.309889:-1.074085
0-19
______________________________________________________________________________
80
team2:
4,183,100
-6.5:1.2,-6.000001:-5.960464E-08,-6.5:-1.2,-1:-5.960464E-08,-2:-5.960464E-08
5.800001:-5.960464E-08,6.5:-1.1,6.5:1.1,1:-1,3.000001:-5.960464E-08
0:0
0-20
______________________________________________________________________________
81
team1:
3,0,100
-6.5:1.2,-6.000002:-1.192093E-07,-6.500002:-1.2,0.1862436:0.2010392,-2.013897:-1.192093E-07
6.426573:0.003268957,6.500002:-1.1,6.500002:1.1,1.115729:-1.183825,3.123539:0.01467127
1.655681:-0.3163617
0-20
______________________________________________________________________________
82
team2:
4,192,100
-6.5:1.2,-5.996369:0.03215873,-6.000001:3.4,-2.517045:1.685008,-2.774193:0.1820249
6.426573:0.003268957,6.500002:-1.1,6.500002:1.1,1.491642:-3.163119,-1.295913:-0.7893077
-6.260792:-0.8483384
0-20
______________________________________________________________________________
83
team1:
1,199,8
-6.5:1.2,-6.703314:-0.1879778,-6.000002:3.4,-2.517045:1.685008,-2.774193:0.1820249
6.426573:0.003268957,6.500002:-1.1,6.500002:1.1,1.491642:-3.163119,-1.295913:-0.7893077
-6.309889:-1.074085
0-20
______________________________________________________________________________
84
team2:
4,183,100
-6.5:1.2,-6.000001:-5.960464E-08,-6.5:-1.2,-1:-5.960464E-08,-2:-5.960464E-08
5.800001:-5.960464E-08,6.5:-1.1,6.5:1.1,1:-1,3.000001:-5.960464E-08
0:0
0-21
______________________________________________________________________________
85
team1:
3,0,100
-6.5:1.2,-6.000002:-1.192093E-07,-6.500002:-1.2,0.1862436:0.2010392,-2.013897:-1.192093E-07
6.426593:0.003269076,6.500002:-1.1,6.500002:1.1,1.115736:-1.183836,3.123539:0.01467127
1.655681:-0.3163617
0-21
______________________________________________________________________________
86
team2:
4,192,100
-6.5:1.2,-5.996369:0.03215873,-6.000001:-2.900001,-2.517048:1.68501,-2.774193:0.1820249
6.426593:0.003269076,6.500002:-1.1,6.500002:1.1,1.491642:-3.163119,-1.295913:-0.7893077
-6.260792:-0.8483384
0-21
______________________________________________________________________________
87
team1:
1,199,8
-6.5:1.2,-6.703382:-0.1879969,-6.000002:-2.900001,-2.517048:1.68501,-2.774193:0.1820249
6.426593:0.003269076,6.500002:-1.1,6.500002:1.1,1.491642:-3.163119,-1.295913:-0.7893077
-6.309889:-1.074085
0-21
______________________________________________________________________________
88
team2:
4,183,100
-6.5:1.2,-6.000001:-5.960464E-08,-6.5:-1.2,-1:-5.960464E-08,-2:-5.960464E-08
5.800001:-5.960464E-08,6.5:-1.1,6.5:1.1,1:-1,3.000001:-5.960464E-08
0:0
0-22
______________________________________________________________________________
89
team1:
3,0,100
-6.5:1.2,-6.000002:-1.192093E-07,-6.500002:-1.2,0.1862436:0.2010392,-2.013897:-1.192093E-07
6.426644:0.003269434,6.500002:-1.1,6.500002:1.1,1.115744:-1.183849,3.123545:0.01467127
1.655681:-0.3163617
0-22
______________________________________________________________________________
90
team2:
4,192,100
-6.5:1.2,-5.996369:0.03215873,-6.000001:-2.900001,-2.517048:1.68501,-2.774193:0.1820249
6.426644:0.003269434,6.500002:-1.1,6.500002:1.1,1.491642:-3.163119,-1.295913:-0.7893077
-6.260792:-0.8483384
0-22
______________________________________________________________________________
91
team1:
1,199,8
-6.5:1.2,-6.703382:-0.1879969,-6.000002:-2.900001,-2.517048:1.68501,-2.774193:0.1820249
6.426644:0.003269434,6.500002:-1.1,6.500002:1.1,1.491642:-3.163119,-1.295913:-0.7893077
-6.309889:-1.074085
0-22
______________________________________________________________________________
92
team2:
4,183,100
-6.5:1.2,-6.000001:-5.960464E-08,-6.5:-1.2,-1:-5.960464E-08,-2:-5.960464E-08
5.800001:-5.960464E-08,6.5:-1.1,6.5:1.1,1:-1,3.000001:-5.960464E-08
0:0
0-23
______________________________________________________________________________
93
team1:
3,0,100
-6.5:1.2,-6.000002:-1.192093E-07,-6.500002:-1.2,0.1862436:0.2010392,-2.013897:-1.192093E-07
6.426644:0.003269434,6.500002:-1.1,6.500002:1.1,1.115744:-1.183849,3.123539:0.01467127
1.655681:-0.3163617
0-23
______________________________________________________________________________
94
team2:
4,192,100
-6.5:1.2,-5.996369:0.03215873,-6.000001:-2.400001,-2.517048:1.68501,-2.774193:0.1820249
6.426644:0.003269434,6.500002:-1.1,6.500002:1.1,1.491642:-3.163119,-1.295913:-0.7893077
-6.260792:-0.8483384
0-23
______________________________________________________________________________
95
team1:
1,199,8
-6.5:1.2,-6.703382:-0.1879969,-6.000002:-2.400001,-2.517048:1.68501,-2.774193:0.1820249
6.426644:0.003269434,6.500002:-1.1,6.500002:1.1,1.491642:-3.163119,-1.295913:-0.7893077
-6.309889:-1.074082
0-23
______________________________________________________________________________
96
team2:
4,183,100
-6.5:1.2,-6.000001:-5.960464E-08,-6.5:-1.2,-1:-5.960464E-08,-2:-5.960464E-08
5.800001:-5.960464E-08,6.5:-1.1,6.5:1.1,1:-1,3.000001:-5.960464E-08
0:0
0-24
______________________________________________________________________________
97
team1:
3,0,100
-6.5:1.2,-6.000002:-1.192093E-07,-6.500002:-1.2,0.1862436:0.2010392,-2.013897:-1.192093E-07
6.426644:0.003269434,6.500002:-1.1,6.500002:1.1,1.115735:-1.183833,3.123539:0.01467127
1.655681:-0.3163617
0-24
______________________________________________________________________________
98
team2:
4,192,100
-6.5:1.2,-5.996369:0.03215873,-6.000001:-2.400001,-2.517048:1.68501,-2.774193:0.1820249
6.426644:0.003269434,6.500002:-1.1,6.500002:1.1,1.491642:-3.163119,-1.295899:-0.789284
-6.260792:-0.8483384
0-24
______________________________________________________________________________
99
team1:
1,199,8
-6.5:1.2,-6.703382:-0.1879969,-6.000002:-2.400001,-2.517048:1.68501,-2.774193:0.1820249
6.426644:0.003269434,6.500002:-1.1,6.500002:1.1,1.491642:-3.163119,-1.295899:-0.789284
-6.309889:-1.074085
0-24
______________________________________________________________________________
100
team2:
4,183,100
6.5:-1.2,6.000001:-5.960464E-08,6.5:1.2,1:-5.960464E-08,2:-5.960464E-08
-5.800001:-5.960464E-08,-6.5:1.1,-6.5:-1.1,-1:1,-3.000001:-5.960464E-08
0:0
0-25
______________________________________________________________________________
101
team2:
3,311,100
6.500002:-1.2,6.000002:-1.192093E-07,6.500002:1.2,1.850704:0.07511383,2.8785:0.07450336
-5.800002:-1.192093E-07,-6.500002:1.1,-6.500002:-1.1,3.439332:-2.520994,-3.000001:-1.192093E-07
0.2592065:-2.839042
0-25
______________________________________________________________________________
102
team1:
3,298,22
6.500002:-1.2,6.000002:-1.192093E-07,6.500002:1.2,1.849876:-1.444363,3.853027:-0.2379528
-5.800002:-1.192093E-07,-6.500002:1.1,-6.500002:-1.1,3.439332:-2.520994,-3.000001:-1.192093E-07
0.2592065:-2.839042
0-25
______________________________________________________________________________
103
team2:
3,35,100
6.657646:0.9813609,4.121925:1.415584,5.987833:2.322542,1.849876:-1.444363,3.539127:-0.114322
-5.800002:-1.192093E-07,-6.500002:1.1,-6.500002:-1.1,4.795263:-0.6294152,-3.000001:-1.192093E-07
0.2592065:-2.839042
0-25
______________________________________________________________________________
104
team1:
3,343,10
6.657646:0.9813609,4.121925:1.415584,5.987833:2.322542,2.751142:-1.719985,3.539127:-0.114322
-5.800002:-1.192093E-07,-6.500002:1.1,-6.500002:-1.1,4.795263:-0.6294152,-3.000001:-1.192093E-07
0.2592065:-2.839042
0-25
______________________________________________________________________________
105
team2:
0,0,0
6.657646:0.9813609,4.121925:1.415584,5.987833:2.322542,2.751142:-1.719985,3.539127:-0.114322
-5.800002:-1.192093E-07,-6.500002:1.1,-6.500002:-1.1,4.795263:-0.6294152,-3.000001:-1.192093E-07
0.2592065:-2.839042
0-25
______________________________________________________________________________
106
team1:
3,204,100
6.657646:0.9813609,4.121925:1.415584,5.987833:2.322542,-3.957776:-2.300786,3.539127:-0.114322
-5.800002:-1.192093E-07,-6.500002:1.1,-6.000001:-3.400001,4.795263:-0.6294152,-2.835064:0.3423493
-3.571103:-1.056009
0-25
______________________________________________________________________________
107
team2:
0,334,100
6.657569:0.9813521,4.121925:1.415584,5.987816:2.322467,-3.957902:-2.300873,2.638227:0.2468905
0.684092:-3.208371,-6.500002:1.1,-6.000002:-3.400001,4.476635:-0.5224646,-2.834997:0.342488
5.216217:1.834137
0-25
______________________________________________________________________________
108
team1:
0,159,100
6.5:-1.2,6.000001:-5.960464E-08,6.5:1.2,1:-5.960464E-08,2:-5.960464E-08
-5.800001:-5.960464E-08,-6.5:1.1,-6.5:-1.1,-1:1,-3.000001:-5.960464E-08
0:0
1-25
______________________________________________________________________________
109
team2:
3,311,100
6.500002:-1.2,6.000002:-1.192093E-07,6.500002:1.2,1.850665:0.07511055,2.878461:0.07450002
-5.800002:-1.192093E-07,-6.500002:1.1,-6.500002:-1.1,3.439332:-2.520994,-3.000001:-1.192093E-07
0.2592065:-2.839042
1-25
______________________________________________________________________________
110
team1:
3,298,22
6.500002:-1.2,6.000002:-1.192093E-07,6.500002:1.2,1.849876:-1.444363,3.853027:-0.2379528
-5.800002:-1.192093E-07,-6.500002:1.1,-6.500002:-1.1,3.439332:-2.520994,-3.000001:-1.192093E-07
0.2592065:-2.839042
1-25
______________________________________________________________________________
111
team2:
3,35,100
6.657646:0.9813609,4.121925:1.415584,5.987833:2.322542,1.849876:-1.444363,3.539127:-0.114322
-5.800002:-1.192093E-07,-6.500002:1.1,-6.500002:-1.1,4.795263:-0.6294152,-3.000001:-1.192093E-07
0.2592065:-2.839042
1-25
______________________________________________________________________________
112
team1:
3,343,10
6.657646:0.9813609,4.121925:1.415584,5.987833:2.322542,2.751142:-1.719985,3.539127:-0.114322
-5.800002:-1.192093E-07,-6.500002:1.1,-6.500002:-1.1,4.795263:-0.6294152,-3.000001:-1.192093E-07
0.2592065:-2.839042
1-25
______________________________________________________________________________
113
team2:
0,0,0
6.657646:0.9813609,4.121925:1.415584,5.987833:2.322542,2.751142:-1.719985,3.539127:-0.114322
-5.800002:-1.192093E-07,-6.500002:1.1,-6.500002:-1.1,4.795263:-0.6294152,-3.000001:-1.192093E-07
0.2592065:-2.839042
1-25
______________________________________________________________________________
114
team1:
3,204,100
6.657646:0.9813609,4.121925:1.415584,5.987833:2.322542,-3.957801:-2.300804,3.539127:-0.114322
-5.800002:-1.192093E-07,-6.500002:1.1,-6.000001:-3.400001,4.795263:-0.6294152,-2.835056:0.3423649
-3.571103:-1.056009
1-25
______________________________________________________________________________
115
team2:
0,334,100
6.657569:0.9813521,4.121925:1.415584,5.987816:2.322467,-3.957902:-2.300873,2.638227:0.2468905
0.684092:-3.208371,-6.500002:1.1,-6.000002:-3.400001,4.476635:-0.5224646,-2.834997:0.342488
5.216217:1.834137
1-25
______________________________________________________________________________
116
team1:
0,159,100
6.5:-1.2,6.000001:-5.960464E-08,6.5:1.2,1:-5.960464E-08,2:-5.960464E-08
-5.800001:-5.960464E-08,-6.5:1.1,-6.5:-1.1,-1:1,-3.000001:-5.960464E-08
0:0
2-25
______________________________________________________________________________
117
team2:
3,311,100
6.500002:-1.2,6.000002:-1.192093E-07,6.500002:1.2,1.850704:0.07511383,2.8785:0.07450336
-5.800002:-1.192093E-07,-6.500002:1.1,-6.500002:-1.1,3.439332:-2.520994,-3.000001:-1.192093E-07
0.2592065:-2.839042
2-25
______________________________________________________________________________
118
team1:
3,298,22
6.500002:-1.2,6.000002:-1.192093E-07,6.500002:1.2,1.849876:-1.444363,3.853027:-0.2379528
-5.800002:-1.192093E-07,-6.500002:1.1,-6.500002:-1.1,3.439332:-2.520994,-3.000001:-1.192093E-07
0.2592065:-2.839042
2-25
______________________________________________________________________________
119
team2:
3,35,100
6.657646:0.9813609,4.121925:1.415584,5.987833:2.322542,1.849876:-1.444363,3.539127:-0.114322
-5.800002:-1.192093E-07,-6.500002:1.1,-6.500002:-1.1,4.795263:-0.6294152,-3.000001:-1.192093E-07
0.2592065:-2.839042
2-25
______________________________________________________________________________
120
team1:
3,343,10
6.657646:0.9813609,4.121925:1.415584,5.987833:2.322542,2.751142:-1.719985,3.539127:-0.114322
-5.800002:-1.192093E-07,-6.500002:1.1,-6.500002:-1.1,4.795263:-0.6294152,-3.000001:-1.192093E-07
0.2592065:-2.839042
2-25
______________________________________________________________________________
121
team2:
0,0,0
6.657646:0.9813609,4.121925:1.415584,5.987833:2.322542,2.751142:-1.719985,3.539127:-0.114322
-5.800002:-1.192093E-07,-6.500002:1.1,-6.500002:-1.1,4.795263:-0.6294152,-3.000001:-1.192093E-07
0.2592065:-2.839042
2-25
______________________________________________________________________________
122
team1:
3,204,100
6.657646:0.9813609,4.121925:1.415584,5.987833:2.322542,-3.957779:-2.300789,3.539127:-0.114322
-5.800002:-1.192093E-07,-6.500002:1.1,-6.000001:-2.900001,4.795263:-0.6294152,-2.83503:0.3424193
-3.571103:-1.056009
2-25
______________________________________________________________________________
123
team2:
0,334,100
6.657569:0.9813521,4.121925:1.415584,5.987816:2.322467,-3.957902:-2.300873,2.638227:0.2468905
0.684092:-3.208371,-6.500002:1.1,-6.000002:-2.900001,4.476635:-0.5224646,-2.834997:0.342488
5.216217:1.834137
2-25
______________________________________________________________________________
124
team1:
0,159,100
6.5:-1.2,6.000001:-5.960464E-08,6.5:1.2,1:-5.960464E-08,2:-5.960464E-08
-5.800001:-5.960464E-08,-6.5:1.1,-6.5:-1.1,-1:1,-3.000001:-5.960464E-08
0:0
3-25
______________________________________________________________________________
125
team2:
3,311,100
6.500002:-1.2,6.000002:-1.192093E-07,6.500002:1.2,1.850704:0.07511383,2.8785:0.07450336
-5.800002:-1.192093E-07,-6.500002:1.1,-6.500002:-1.1,3.439332:-2.520994,-3.000001:-1.192093E-07
0.2592065:-2.839042
3-25
______________________________________________________________________________
126
team1:
3,298,22
6.500002:-1.2,6.000002:-1.192093E-07,6.500002:1.2,1.849876:-1.444363,3.853027:-0.2379528
-5.800002:-1.192093E-07,-6.500002:1.1,-6.500002:-1.1,3.439332:-2.520994,-3.000001:-1.192093E-07
0.2592065:-2.839042
3-25
______________________________________________________________________________
127
team2:
3,35,100
6.657646:0.9813609,4.121925:1.415584,5.987833:2.322542,1.849876:-1.444363,3.539127:-0.114322
-5.800002:-1.192093E-07,-6.500002:1.1,-6.500002:-1.1,4.795263:-0.6294152,-3.000001:-1.192093E-07
0.2592065:-2.839042
3-25
______________________________________________________________________________
128
team1:
3,343,10
6.657646:0.9813609,4.121925:1.415584,5.987833:2.322542,2.751142:-1.719985,3.539127:-0.114322
-5.800002:-1.192093E-07,-6.500002:1.1,-6.500002:-1.1,4.795263:-0.6294152,-3.000001:-1.192093E-07
0.2592065:-2.839042
3-25
______________________________________________________________________________
129
team2:
0,0,0
6.657646:0.9813609,4.121925:1.415584,5.987833:2.322542,2.751142:-1.719985,3.539127:-0.114322
-5.800002:-1.192093E-07,-6.500002:1.1,-6.500002:-1.1,4.795263:-0.6294152,-3.000001:-1.192093E-07
0.2592065:-2.839042
3-25
______________________________________________________________________________
130
team1:
3,204,100
6.657646:0.9813609,4.121925:1.415584,5.987833:2.322542,-3.957839:-2.300829,3.539127:-0.114322
-5.800002:-1.192093E-07,-6.500002:1.1,-6.000001:-2.400001,4.795263:-0.6294152,-2.83503:0.3424193
-3.571103:-1.056009
3-25
______________________________________________________________________________
131
team2:
0,334,100
6.657569:0.9813521,4.121925:1.415584,5.987816:2.322467,-3.957902:-2.300873,2.638227:0.2468905
0.684092:-3.208371,-6.500002:1.1,-6.000002:-2.400001,4.476635:-0.5224646,-2.834997:0.342488
5.216217:1.834137
3-25
______________________________________________________________________________
132
team1:
0,159,100
6.5:-1.2,6.000001:-5.960464E-08,6.5:1.2,1:-5.960464E-08,2:-5.960464E-08
-5.800001:-5.960464E-08,-6.5:1.1,-6.5:-1.1,-1:1,-3.000001:-5.960464E-08
0:0
4-25
______________________________________________________________________________
133
team2:
3,311,100
6.500002:-1.2,6.000002:-1.192093E-07,6.500002:1.2,1.850694:0.075113,2.87849:0.07450253
-5.800002:-1.192093E-07,-6.500002:1.1,-6.500002:-1.1,3.439332:-2.520994,-3.000001:-1.192093E-07
0.2592065:-2.839042
4-25
______________________________________________________________________________
134
team1:
3,298,22
6.500002:-1.2,6.000002:-1.192093E-07,6.500002:1.2,1.849876:-1.444363,3.853027:-0.2379528
-5.800002:-1.192093E-07,-6.500002:1.1,-6.500002:-1.1,3.439332:-2.520994,-3.000001:-1.192093E-07
0.2592065:-2.839042
4-25
______________________________________________________________________________
135
team2:
3,35,100
6.657646:0.9813609,4.121925:1.415584,5.987833:2.322542,1.849876:-1.444363,3.539127:-0.114322
-5.800002:-1.192093E-07,-6.500002:1.1,-6.500002:-1.1,4.795263:-0.6294152,-3.000001:-1.192093E-07
0.2592065:-2.839042
4-25
______________________________________________________________________________
136
team1:
3,343,10
6.657646:0.9813609,4.121925:1.415584,5.987833:2.322542,2.751142:-1.719985,3.539127:-0.114322
-5.800002:-1.192093E-07,-6.500002:1.1,-6.500002:-1.1,4.795263:-0.6294152,-3.000001:-1.192093E-07
0.2592065:-2.839042
4-25
______________________________________________________________________________
137
team2:
0,0,0
6.657646:0.9813609,4.121925:1.415584,5.987833:2.322542,2.751142:-1.719985,3.539127:-0.114322
-5.800002:-1.192093E-07,-6.500002:1.1,-6.500002:-1.1,4.795263:-0.6294152,-3.000001:-1.192093E-07
0.2592065:-2.839042
4-25
______________________________________________________________________________
138
team1:
3,204,100
6.657646:0.9813609,4.121925:1.415584,5.987833:2.322542,-3.957801:-2.300804,3.539127:-0.114322
-5.800002:-1.192093E-07,-6.500002:1.1,-6.000001:-3.400001,4.795263:-0.6294152,-2.83503:0.3424193
-3.571103:-1.056009
4-25
______________________________________________________________________________
139
team2:
0,334,100
6.657569:0.9813521,4.121925:1.415584,5.987816:2.322467,-3.957902:-2.300873,2.638227:0.2468905
0.684092:-3.208371,-6.500002:1.1,-6.000002:-3.400001,4.476635:-0.5224646,-2.834997:0.342488
5.216217:1.834137
4-25
______________________________________________________________________________
140
team1:
0,159,100
6.5:-1.2,6.000001:-5.960464E-08,6.5:1.2,1:-5.960464E-08,2:-5.960464E-08
-5.800001:-5.960464E-08,-6.5:1.1,-6.5:-1.1,-1:1,-3.000001:-5.960464E-08
0:0
5-25
______________________________________________________________________________
141
team2:
3,311,100
6.500002:-1.2,6.000001:-1.192093E-07,6.500002:1.2,1.850704:0.07511383,2.8785:0.07450336
-5.800002:-1.192093E-07,-6.500002:1.1,-6.500002:-1.1,3.439332:-2.520994,-3.000001:-1.192093E-07
0.2592065:-2.839042
5-25
______________________________________________________________________________
142
team1:
3,298,22
6.500002:-1.2,6.000001:-1.192093E-07,6.500002:1.2,1.849876:-1.444363,3.853027:-0.2379528
-5.800002:-1.192093E-07,-6.500002:1.1,-6.500002:-1.1,3.439332:-2.520994,-3.000001:-1.192093E-07
0.2592065:-2.839042
5-25
______________________________________________________________________________
143
team2:
3,35,100
6.657646:0.9813609,4.121925:1.415584,5.987833:2.322542,1.849876:-1.444363,3.539127:-0.114322
-5.800002:-1.192093E-07,-6.500002:1.1,-6.500002:-1.1,4.795263:-0.6294152,-3.000001:-1.192093E-07
0.2592065:-2.839042
5-25
______________________________________________________________________________
144
team1:
3,343,10
6.657646:0.9813609,4.121925:1.415584,5.987833:2.322542,2.751142:-1.719985,3.539127:-0.114322
-5.800002:-1.192093E-07,-6.500002:1.1,-6.500002:-1.1,4.795263:-0.6294152,-3.000001:-1.192093E-07
0.2592065:-2.839042
5-25
______________________________________________________________________________
145
team2:
0,0,0
6.657646:0.9813609,4.121925:1.415584,5.987833:2.322542,2.751142:-1.719985,3.539127:-0.114322
-5.800002:-1.192093E-07,-6.500002:1.1,-6.500002:-1.1,4.795263:-0.6294152,-3.000001:-1.192093E-07
0.2592065:-2.839042
5-25
______________________________________________________________________________
146
team1:
3,204,100
6.657646:0.9813609,4.121925:1.415584,5.987833:2.322542,-3.957806:-2.300808,3.539127:-0.114322
-5.800002:-1.192093E-07,-6.500002:1.1,-6.000001:2.6,4.795263:-0.6294152,-2.835057:0.3423628
-3.571103:-1.056009
5-25
______________________________________________________________________________
147
team2:
0,334,100
6.657569:0.9813521,4.121925:1.415584,5.987816:2.322467,-3.957902:-2.300873,2.638227:0.2468905
0.684092:-3.208371,-6.500002:1.1,-6.000002:2.6,4.476635:-0.5224646,-2.834997:0.342488
5.216217:1.834137
5-25
______________________________________________________________________________
148
team1:
0,159,100
6.5:-1.2,6.000001:-5.960464E-08,6.5:1.2,1:-5.960464E-08,2:-5.960464E-08
-5.800001:-5.960464E-08,-6.5:1.1,-6.5:-1.1,-1:1,-3.000001:-5.960464E-08
0:0
6-25
______________________________________________________________________________
149
team2:
3,311,100
6.500002:-1.2,6.000001:-1.192093E-07,6.500002:1.2,1.850704:0.07511383,2.8785:0.07450336
-5.800002:-1.192093E-07,-6.500002:1.1,-6.500002:-1.1,3.439332:-2.520994,-3.000001:-1.192093E-07
0.2592065:-2.839042
6-25
______________________________________________________________________________
150
team1:
3,298,22
6.500002:-1.2,6.000001:-1.192093E-07,6.500002:1.2,1.849876:-1.444363,3.853027:-0.2379528
-5.800002:-1.192093E-07,-6.500002:1.1,-6.500002:-1.1,3.439332:-2.520994,-3.000001:-1.192093E-07
0.2592065:-2.839042
6-25
______________________________________________________________________________
151
team2:
3,35,100
6.657646:0.9813609,4.121925:1.415584,5.987833:2.322542,1.849876:-1.444363,3.539127:-0.114322
-5.800002:-1.192093E-07,-6.500002:1.1,-6.500002:-1.1,4.795263:-0.6294152,-3.000001:-1.192093E-07
0.2592065:-2.839042
6-25
______________________________________________________________________________
152
team1:
3,343,10
6.657646:0.9813609,4.121925:1.415584,5.987833:2.322542,2.751142:-1.719985,3.539127:-0.114322
-5.800002:-1.192093E-07,-6.500002:1.1,-6.500002:-1.1,4.795263:-0.6294152,-3.000001:-1.192093E-07
0.2592065:-2.839042
6-25
______________________________________________________________________________
153
team2:
0,0,0
6.657646:0.9813609,4.121925:1.415584,5.987833:2.322542,2.751142:-1.719985,3.539127:-0.114322
-5.800002:-1.192093E-07,-6.500002:1.1,-6.500002:-1.1,4.795263:-0.6294152,-3.000001:-1.192093E-07
0.2592065:-2.839042
6-25
______________________________________________________________________________
154
team1:
3,204,100
6.657646:0.9813609,4.121925:1.415584,5.987833:2.322542,-3.957783:-2.300791,3.539127:-0.114322
-5.800002:-1.192093E-07,-6.500002:1.1,-6.000001:3.1,4.795263:-0.6294152,-2.83503:0.3424193
-3.571103:-1.056009
6-25
______________________________________________________________________________
155
team2:
0,334,100
6.657569:0.9813521,4.121925:1.415584,5.987816:2.322467,-3.957902:-2.300873,2.638227:0.2468905
0.684092:-3.208371,-6.500002:1.1,-6.000002:3.1,4.476635:-0.5224646,-2.834997:0.342488
5.216217:1.834137
6-25
______________________________________________________________________________
156
team1:
0,160,100
4.869167:2.184971,-1.239772:2.005843,6.196276:2.569036,-3.957902:-2.300873,2.661816:0.2437206
0.684092:-3.208371,-6.500002:1.1,-6.000002:3.1,4.476635:-0.5224646,-4.429646:-1.066932
1.838919:-0.1405576
6-25
______________________________________________________________________________
157
team2:
0,69,100
5.138439:2.481455,-1.239848:2.005851,6.196276:2.569036,-3.957902:-2.300873,4.585608:1.192934
2.803425:3.434306,-6.500002:1.1,-6.000002:3.1,4.476606:-0.5225351,-4.429646:-1.066932
-6.648323:-1.019593
6-25
______________________________________________________________________________
158
team1:
3,169,100
5.138439:2.481455,-1.239848:2.005851,6.196276:2.569036,-4.791634:-2.457254,4.585608:1.192934
2.803425:3.434306,-6.559764:1.30527,-6.000002:3.1,4.476606:-0.5225351,0.2155799:0.5239537
-4.836303:0.3840874
6-25
______________________________________________________________________________
159
team2:
2,284,100
5.138439:2.481455,-1.239848:2.005851,6.196276:2.569036,-4.791595:-2.457319,4.585608:1.192934
2.803425:3.434306,-6.000001:3.1,-3.293051:-2.91567,4.476606:-0.5225351,0.991953:1.570095
-1.05951:-1.95279
6-25
______________________________________________________________________________
160
team1:
4,215,100
5.138439:2.481455,-1.239848:2.005851,6.196276:2.569036,-4.791595:-2.457319,-2.267257:-2.722497
2.803425:3.434306,-6.000002:3.1,-3.693999:-2.781782,4.476606:-0.5225351,0.991953:1.570095
-5.443435:-1.330691
6-25
______________________________________________________________________________
161
team2:
1,277,100
5.138439:2.481455,-1.239848:2.005851,6.196276:2.569036,-3.961235:-2.077997,-1.647292:-2.733759
2.803425:3.434306,-5.37391:-2.800018,-2.577083:-3.293528,4.476606:-0.5225351,0.991953:1.570095
-6.874702:-3.424534
6-25
______________________________________________________________________________
162
team1:
2,206,131
2.045247:1.030139,-3.703035:3.094751,6.275741:0.7776556,-3.961235:-2.077997,-1.647292:-2.733759
2.803443:3.43438,-5.37391:-2.800018,-2.577083:-3.293528,4.476606:-0.5225351,-2.01671:-0.4114639
-6.874702:-3.424534
6-25
______________________________________________________________________________
163
team2:
1,120,32
2.045247:1.030139,-3.703035:3.094751,6.275741:0.7776556,-3.961235:-2.077997,-1.647292:-2.733759
2.803443:3.43438,-6.883957:-0.1844007,-2.577083:-3.293528,4.476606:-0.5225351,-2.01671:-0.4114639
-6.874702:-3.424534
6-25
______________________________________________________________________________
164
team1:
3,254,7
2.045247:1.030139,-3.703035:3.094751,6.275741:0.7776556,-4.142897:-2.711509,-1.647292:-2.733759
2.803443:3.43438,-6.883957:-0.1844007,-2.577083:-3.293528,4.476606:-0.5225351,-2.01671:-0.4114639
-6.874702:-3.424534
6-25
______________________________________________________________________________
165
team2:
1,270,100
2.045247:1.030139,-3.703035:3.094751,6.275741:0.7776556,-4.142897:-2.711509,-1.647292:-2.733759
2.803443:3.43438,-2.61499:1.044344,-2.577083:-3.293528,4.476606:-0.5225351,2.126925:-0.5111395
-6.874702:-3.424534
6-25
______________________________________________________________________________
166
team1:
4,184,34
2.045247:1.030139,-3.703035:3.094751,6.275741:0.7776556,-5.894017:-1.813734,-2.131692:-2.101087
2.803443:3.43438,-2.61499:1.044344,-3.540626:-3.252089,4.476606:-0.5225351,2.126925:-0.5111395
-6.874702:-3.424534
6-25
______________________________________________________________________________
167
team2:
2,136,47
2.045247:1.030139,-3.703035:3.094751,6.275741:0.7776556,-5.76097:-0.8529532,-2.131692:-2.101087
2.803443:3.43438,-2.61499:1.044344,-4.514634:-1.131915,4.476606:-0.5225351,2.126925:-0.5111395
-6.874702:-3.424534
6-25
______________________________________________________________________________
168
team1:
3,310,26
2.045247:1.030139,-3.703035:3.094751,6.275741:0.7776556,-5.54375:-2.289208,-2.131734:-2.101022
2.803443:3.43438,-2.61499:1.044344,-3.155219:-1.573955,4.476606:-0.5225351,2.126925:-0.5111395
-6.874702:-3.424534
6-25
______________________________________________________________________________
169
team2:
2,157,41
2.045247:1.030139,-3.703035:3.094751,6.275741:0.7776556,-5.543751:-2.289286,-2.131734:-2.101022
2.803443:3.43438,-2.61499:1.044344,-6.717708:-0.06175905,4.476606:-0.5225351,2.126925:-0.5111395
-6.874702:-3.424534
6-25
______________________________________________________________________________
170
team1:
3,341,15
2.045247:1.030139,-3.703035:3.094751,6.275741:0.7776556,-4.206177:-2.749847,-2.131734:-2.101022
2.803443:3.43438,-2.61499:1.044344,-6.717708:-0.06175905,4.476606:-0.5225351,2.126925:-0.5111395
-6.874702:-3.424534
6-25
______________________________________________________________________________
171
team2:
2,167,2
2.045247:1.030139,-3.703035:3.094751,6.275741:0.7776556,-4.206177:-2.749847,-2.131734:-2.101022
2.803443:3.43438,-2.61499:1.044344,-6.899881:-0.01968747,4.476606:-0.5225351,2.126925:-0.5111395
-6.874702:-3.424534
6-25
______________________________________________________________________________
172
team1:
1,258,65
2.045247:1.030139,-5.17913:-2.149295,6.275741:0.7776556,-4.005284:-3.348982,-2.131734:-2.101022
2.803443:3.43438,-2.614966:1.044417,-6.899881:-0.01968747,4.476606:-0.5225351,2.126925:-0.5111395
-6.874702:-3.424534
6-25
______________________________________________________________________________
173
team2:
2,270,100
2.045247:1.030139,-5.179193:-2.149336,6.275741:0.7776556,-4.005284:-3.348982,-2.131734:-2.101022
2.803443:3.43438,0.2825088:3.3876,-1.709364:-0.7750306,4.476606:-0.5225351,2.126925:-0.5111395
-6.874702:-3.424534
6-25
______________________________________________________________________________
174
team1:
1,329,12
2.045247:1.030139,-4.513082:-2.454565,6.275741:0.7776556,-3.703:-3.236972,-2.131734:-2.101022
2.803443:3.43438,0.2825088:3.3876,-1.709364:-0.7750306,4.476606:-0.5225351,2.126925:-0.5111395
-6.874702:-3.424534
6-25
______________________________________________________________________________
175
team2:
2,171,53
2.045247:1.030139,-4.513082:-2.454565,6.275741:0.7776556,-3.703:-3.236972,-2.131734:-2.101022
2.803443:3.43438,0.2825088:3.3876,-6.651296:0.007661998,4.476606:-0.5225351,2.126925:-0.5111395
-6.874702:-3.424534
6-25
______________________________________________________________________________
176
team1:
3,167,13
2.045247:1.030139,-5.335594:-1.978092,6.275741:0.7776556,-4.073507:-3.419939,-2.131734:-2.101022
2.803443:3.43438,0.2825088:3.3876,-6.651296:0.007661998,4.476606:-0.5225351,2.126925:-0.5111395
-6.874702:-3.424534
6-25
______________________________________________________________________________
177
team2:
2,181,3
2.045247:1.030139,-5.335594:-1.978092,6.275741:0.7776556,-4.073507:-3.419939,-2.131734:-2.101022
2.803443:3.43438,0.2825088:3.3876,-6.932636:0.002764225,4.476606:-0.5225351,2.126925:-0.5111395
-6.874702:-3.424534
6-25
______________________________________________________________________________
178
team1:
1,327,14
2.045247:1.030139,-4.466266:-2.358875,6.275741:0.7776556,-3.836621:-3.303518,-2.131734:-2.101022
2.803443:3.43438,0.2825088:3.3876,-6.932636:0.002764225,4.476606:-0.5225351,2.126925:-0.5111395
-6.874702:-3.424534
6-25
______________________________________________________________________________
179
team2:
2,270,100
2.045247:1.030139,-4.466266:-2.358875,6.275741:0.7776556,-3.836621:-3.303518,-2.131734:-2.101022
2.803443:3.43438,0.704198:3.231892,0.2445274:2.074981,4.476606:-0.5225351,2.126925:-0.5111395
-6.874702:-3.424534
6-25
______________________________________________________________________________
180
team1:
3,162,12
2.045247:1.030139,-5.000742:-1.84082,6.275741:0.7776556,-4.376683:-3.385638,-2.131734:-2.101022
2.803443:3.43438,0.704198:3.231892,0.2445274:2.074981,4.476606:-0.5225351,2.126925:-0.5111395
-6.874702:-3.424534
6-25
______________________________________________________________________________
181
team2:
2,195,75
2.045247:1.030139,-5.000742:-1.84082,6.275741:0.7776556,-4.376683:-3.385638,-2.131734:-2.101022
2.803443:3.43438,0.704198:3.231892,-6.595528:0.2421189,4.476606:-0.5225351,2.126925:-0.5111395
-6.874702:-3.424534
6-25
______________________________________________________________________________
182
team1:
1,313,13
2.045247:1.030139,-4.353719:-2.071237,6.275741:0.7776556,-4.189185:-3.371487,-2.131734:-2.101022
2.803443:3.43438,0.704198:3.231892,-6.595528:0.2421189,4.476606:-0.5225351,2.126925:-0.5111395
-6.874702:-3.424534
6-25
______________________________________________________________________________
183
team2:
2,210,4
2.045247:1.030139,-4.353719:-2.071237,6.275741:0.7776556,-4.189185:-3.371487,-2.131734:-2.101022
2.803443:3.43438,0.704198:3.231892,-6.921058:0.05419618,4.476606:-0.5225351,2.126925:-0.5111395
-6.874702:-3.424534
6-25
______________________________________________________________________________
184
team1:
3,87,6
2.045247:1.030139,-4.370022:-1.799291,6.275741:0.7776556,-4.145002:-3.079774,-2.131734:-2.101022
2.803443:3.43438,0.704198:3.231892,-6.921058:0.05419618,4.476606:-0.5225351,2.126925:-0.5111395
-6.874702:-3.424534
6-25
______________________________________________________________________________
185
team2:
2,270,100
2.045247:1.030139,-4.370022:-1.799291,6.275741:0.7776556,-4.145002:-3.079774,-2.131734:-2.101022
2.803443:3.43438,0.8065952:3.413518,0.7127047:2.177934,4.476606:-0.5225351,2.126925:-0.5111395
-6.874702:-3.424534
6-25
______________________________________________________________________________
186
team1:
3,170,8
2.045247:1.030139,-4.370022:-1.799291,6.275741:0.7776556,-4.88701:-2.948913,-2.131734:-2.101022
2.803443:3.43438,0.8065952:3.413518,0.7127047:2.177934,4.476606:-0.5225351,2.126925:-0.5111395
-6.874702:-3.424534
6-25
______________________________________________________________________________
187
team2:
2,195,80
2.045247:1.030139,-4.370022:-1.799291,6.275741:0.7776556,-4.88701:-2.948913,-2.131734:-2.101022
2.803443:3.43438,0.8065952:3.413518,-6.5834:0.2229121,4.476606:-0.5225351,2.126925:-0.5111395
-6.874702:-3.424534
6-25
______________________________________________________________________________
188
team1:
3,193,100
2.045247:1.030139,-4.370026:-1.799216,6.275741:0.7776556,-1.077417:-3.40651,-1.752147:-1.513039
2.803443:3.43438,0.8065952:3.413518,-6.5834:0.2229121,4.476606:-0.5225351,2.126925:-0.5111395
-1.122647:1.595034
6-25
______________________________________________________________________________
189
team2:
2,20,100
3.005493:0.8950958,-4.370026:-1.799216,6.275741:0.7776556,-1.077417:-3.40651,-1.752147:-1.513039
2.893454:3.407223,2.185172:2.572664,0.005349241:2.771417,4.476606:-0.5225351,2.126925:-0.5111395
-2.384806:1.242637
6-25
______________________________________________________________________________
190
team1:
0,175,100
-5.046303:1.711004,-3.875156:-2.464269,6.275741:0.7776556,-1.077417:-3.40651,-1.752147:-1.513039
2.893454:3.407223,2.185172:2.572664,0.005349241:2.771417,4.476606:-0.5225351,2.126925:-0.5111395
-6.250401:1.634045
6-25
______________________________________________________________________________
191
team2:
2,207,75
-5.04638:1.711014,-3.875156:-2.464269,6.275741:0.7776556,-1.077417:-3.40651,-1.752147:-1.513039
2.893454:3.407223,2.185172:2.572664,-6.304174:-0.4435312,4.476606:-0.5225351,2.126925:-0.5111395
-6.250401:1.634045
6-25
______________________________________________________________________________
192
team1:
0,146,100
-0.9559972:-0.3179624,-3.875156:-2.464269,6.275741:0.7776556,-1.077417:-3.40651,-1.752147:-1.513039
2.893454:3.407223,2.185172:2.572664,-6.116736:-0.9245466,4.476606:-0.5225351,2.126925:-0.5111395
-6.074823:1.199814
6-25
______________________________________________________________________________
193
team2:
2,96,100
-0.9559972:-0.3179624,-3.875156:-2.464269,6.275741:0.7776556,-1.077417:-3.40651,-1.752147:-1.513039
2.893454:3.407223,2.185172:2.572664,-6.105964:0.6172856,4.476606:-0.5225351,2.126925:-0.5111395
-4.70352:1.154106
6-25
______________________________________________________________________________
194
team1:
1,60,41
-0.9559358:-0.3180087,-1.939996:0.8873851,6.275741:0.7776556,-1.077417:-3.40651,-1.752106:-1.512975
2.893454:3.407223,2.185172:2.572664,-6.105964:0.6172856,4.476606:-0.5225351,2.126925:-0.5111395
-4.70352:1.154106
6-25
______________________________________________________________________________
195
team2:
2,23,100
-0.9559358:-0.3180087,-1.939958:0.8874516,6.275741:0.7776556,-1.077417:-3.40651,-1.752106:-1.512975
6.361527:2.172787,2.185222:2.572607,-1.636205:2.802844,4.476606:-0.5225351,2.126925:-0.5111395
2.226303:3.601598
6-25
______________________________________________________________________________
196
team1:
2,148,22
-0.9559358:-0.3180087,-1.939958:0.8874516,4.515392:1.877569,-1.077417:-3.40651,-1.752106:-1.512975
6.361598:2.172762,2.185222:2.572607,-1.636205:2.802844,4.476606:-0.5225351,2.126925:-0.5111395
2.226303:3.601598
6-25
______________________________________________________________________________
197
team2:
2,207,60
-0.9559358:-0.3180087,-1.939958:0.8874516,4.515392:1.877569,-1.077417:-3.40651,-1.752106:-1.512975
6.361598:2.172762,2.185222:2.572607,-6.683516:0.2311985,4.476606:-0.5225351,2.126925:-0.5111395
2.226303:3.601598
6-25
______________________________________________________________________________
198
team1:
1,304,130
3.361546:-0.4038945,-2.099206:0.02860868,4.515392:1.877569,-1.077417:-3.40651,-1.752106:-1.512975
6.361598:2.172762,2.185222:2.572607,-6.683516:0.2311985,5.600118:0.2892524,2.127001:-0.5111412
2.226303:3.601598
6-25
______________________________________________________________________________
199
team2:
4,176,91
3.361546:-0.4038945,-6.087772:1.249794,4.515392:1.877569,-1.077417:-3.40651,-1.863691:-1.764351
6.361598:2.172762,2.185222:2.572607,-6.000001:0.09999996,5.600118:0.2892524,-1.210712:-0.6375633
2.226303:3.601598
6-25
______________________________________________________________________________
200
team1:
2,144,100
3.361522:-0.4038213,-6.087811:1.24986,1.848359:-0.4190451,-1.077417:-3.40651,-1.863691:-1.764351
6.361598:2.172762,-2.785952:2.681562,-6.000002:0.0999999,5.600118:0.2892524,-1.210712:-0.6375633
2.226205:3.601556
6-25
END
Name of Your Team 6:25 Perspolis
